<?xml version="1.0" encoding="UTF-8"?>
<!-- Generated by org.testng.reporters.JUnitReportReporter -->
<testsuite skipped="0" hostname="CSLH1613" name="com.Flipkart.website.pckg7.Flipkart_AC2" tests="6" failures="0" timestamp="2020-09-05T16:27:39 IST" time="21.041" errors="0">
  <testcase name="getGoogle" time="2.436" classname="com.Flipkart.website.pckg7.Flipkart_AC2"/>
  <system-out/>
  <testcase name="getFlipkart" time="7.464" classname="com.Flipkart.website.pckg7.Flipkart_AC2"/>
  <system-out/>
  <testcase name="getwindowAC" time="1.199" classname="com.Flipkart.website.pckg7.Flipkart_AC2"/>
  <system-out/>
  <testcase name="getNameAndPrice" time="3.345" classname="com.Flipkart.website.pckg7.Flipkart_AC2"/>
  <system-out/>
  <testcase name="getCart" time="2.494" classname="com.Flipkart.website.pckg7.Flipkart_AC2"/>
  <system-out/>
  <testcase name="getAvailablity" time="4.103" classname="com.Flipkart.website.pckg7.Flipkart_AC2"/>
  <system-out/>
</testsuite> <!-- com.Flipkart.website.pckg7.Flipkart_AC2 -->
